==4853== Memcheck, a memory error detector
==4853== Copyright (C) 2002-2024, and GNU GPL'd, by Julian Seward et al.
==4853== Using Valgrind-3.25.1 and LibVEX; rerun with -h for copyright info
==4853== Command: ./a.out
==4853== 
==4853== 
==4853== HEAP SUMMARY:
==4853==     in use at exit: 1,394,276 bytes in 270 blocks
==4853==   total heap usage: 304 allocs, 34 frees, 1,418,602 bytes allocated
==4853== 
==4853== 6 bytes in 1 blocks are still reachable in loss record 1 of 72
==4853==    at 0x48507A8: malloc (vg_replace_malloc.c:446)
==4853==    by 0x4AA226F: strdup (strdup.c:42)
==4853==    by 0x49C705D: _nc_setupterm (lib_setup.c:1008)
==4853==    by 0x49A580F: newterm_sp (lib_newterm.c:212)
==4853==    by 0x49A723C: newterm (lib_newterm.c:369)
==4853==    by 0x499EB47: initscr (lib_initscr.c:93)
==4853==    by 0x4001385: main (ttext.c:18)
==4853== 
==4853== 9 bytes in 1 blocks are still reachable in loss record 2 of 72
==4853==    at 0x48507A8: malloc (vg_replace_malloc.c:446)
==4853==    by 0x4AA226F: strdup (strdup.c:42)
==4853==    by 0x49C0031: tparm_setup.lto_priv.0 (lib_tparm.c:659)
==4853==    by 0x49C9C68: _nc_tiparm (lib_tparm.c:1340)
==4853==    by 0x49A61E8: UnknownInlinedFun (lib_mvcur.c:422)
==4853==    by 0x49A61E8: UnknownInlinedFun (lib_mvcur.c:484)
==4853==    by 0x49A61E8: newterm_sp (lib_newterm.c:343)
==4853==    by 0x49A723C: newterm (lib_newterm.c:369)
==4853==    by 0x499EB47: initscr (lib_initscr.c:93)
==4853==    by 0x4001385: main (ttext.c:18)
==4853== 
==4853== 9 bytes in 1 blocks are still reachable in loss record 3 of 72
==4853==    at 0x48507A8: malloc (vg_replace_malloc.c:446)
==4853==    by 0x4AA226F: strdup (strdup.c:42)
==4853==    by 0x49C0031: tparm_setup.lto_priv.0 (lib_tparm.c:659)
==4853==    by 0x49C9C68: _nc_tiparm (lib_tparm.c:1340)
==4853==    by 0x49A6224: UnknownInlinedFun (lib_mvcur.c:423)
==4853==    by 0x49A6224: UnknownInlinedFun (lib_mvcur.c:484)
==4853==    by 0x49A6224: newterm_sp (lib_newterm.c:343)
==4853==    by 0x49A723C: newterm (lib_newterm.c:369)
==4853==    by 0x499EB47: initscr (lib_initscr.c:93)
==4853==    by 0x4001385: main (ttext.c:18)
==4853== 
==4853== 9 bytes in 1 blocks are still reachable in loss record 4 of 72
==4853==    at 0x48507A8: malloc (vg_replace_malloc.c:446)
==4853==    by 0x4AA226F: strdup (strdup.c:42)
==4853==    by 0x49C0031: tparm_setup.lto_priv.0 (lib_tparm.c:659)
==4853==    by 0x49C9C68: _nc_tiparm (lib_tparm.c:1340)
==4853==    by 0x49A6260: UnknownInlinedFun (lib_mvcur.c:424)
==4853==    by 0x49A6260: UnknownInlinedFun (lib_mvcur.c:484)
==4853==    by 0x49A6260: newterm_sp (lib_newterm.c:343)
==4853==    by 0x49A723C: newterm (lib_newterm.c:369)
==4853==    by 0x499EB47: initscr (lib_initscr.c:93)
==4853==    by 0x4001385: main (ttext.c:18)
==4853== 
==4853== 9 bytes in 1 blocks are still reachable in loss record 5 of 72
==4853==    at 0x48507A8: malloc (vg_replace_malloc.c:446)
==4853==    by 0x4AA226F: strdup (strdup.c:42)
==4853==    by 0x49C0031: tparm_setup.lto_priv.0 (lib_tparm.c:659)
==4853==    by 0x49C9C68: _nc_tiparm (lib_tparm.c:1340)
==4853==    by 0x49A629C: UnknownInlinedFun (lib_mvcur.c:425)
==4853==    by 0x49A629C: UnknownInlinedFun (lib_mvcur.c:484)
==4853==    by 0x49A629C: newterm_sp (lib_newterm.c:343)
==4853==    by 0x49A723C: newterm (lib_newterm.c:369)
==4853==    by 0x499EB47: initscr (lib_initscr.c:93)
==4853==    by 0x4001385: main (ttext.c:18)
==4853== 
==4853== 9 bytes in 1 blocks are still reachable in loss record 6 of 72
==4853==    at 0x48507A8: malloc (vg_replace_malloc.c:446)
==4853==    by 0x4AA226F: strdup (strdup.c:42)
==4853==    by 0x49C0031: tparm_setup.lto_priv.0 (lib_tparm.c:659)
==4853==    by 0x49C9C68: _nc_tiparm (lib_tparm.c:1340)
==4853==    by 0x49A645A: UnknownInlinedFun (lib_mvcur.c:444)
==4853==    by 0x49A645A: UnknownInlinedFun (lib_mvcur.c:484)
==4853==    by 0x49A645A: newterm_sp (lib_newterm.c:343)
==4853==    by 0x49A723C: newterm (lib_newterm.c:369)
==4853==    by 0x499EB47: initscr (lib_initscr.c:93)
==4853==    by 0x4001385: main (ttext.c:18)
==4853== 
==4853== 9 bytes in 1 blocks are still reachable in loss record 7 of 72
==4853==    at 0x48507A8: malloc (vg_replace_malloc.c:446)
==4853==    by 0x4AA226F: strdup (strdup.c:42)
==4853==    by 0x49C0031: tparm_setup.lto_priv.0 (lib_tparm.c:659)
==4853==    by 0x49C9C68: _nc_tiparm (lib_tparm.c:1340)
==4853==    by 0x49A64AC: UnknownInlinedFun (lib_mvcur.c:445)
==4853==    by 0x49A64AC: UnknownInlinedFun (lib_mvcur.c:484)
==4853==    by 0x49A64AC: newterm_sp (lib_newterm.c:343)
==4853==    by 0x49A723C: newterm (lib_newterm.c:369)
==4853==    by 0x499EB47: initscr (lib_initscr.c:93)
==4853==    by 0x4001385: main (ttext.c:18)
==4853== 
==4853== 9 bytes in 1 blocks are still reachable in loss record 8 of 72
==4853==    at 0x48507A8: malloc (vg_replace_malloc.c:446)
==4853==    by 0x4AA226F: strdup (strdup.c:42)
==4853==    by 0x49C0031: tparm_setup.lto_priv.0 (lib_tparm.c:659)
==4853==    by 0x49C9C68: _nc_tiparm (lib_tparm.c:1340)
==4853==    by 0x49A64FE: UnknownInlinedFun (lib_mvcur.c:446)
==4853==    by 0x49A64FE: UnknownInlinedFun (lib_mvcur.c:484)
==4853==    by 0x49A64FE: newterm_sp (lib_newterm.c:343)
==4853==    by 0x49A723C: newterm (lib_newterm.c:369)
==4853==    by 0x499EB47: initscr (lib_initscr.c:93)
==4853==    by 0x4001385: main (ttext.c:18)
==4853== 
==4853== 11 bytes in 1 blocks are still reachable in loss record 9 of 72
==4853==    at 0x48507A8: malloc (vg_replace_malloc.c:446)
==4853==    by 0x4AA226F: strdup (strdup.c:42)
==4853==    by 0x49C0031: tparm_setup.lto_priv.0 (lib_tparm.c:659)
==4853==    by 0x49C9C68: _nc_tiparm (lib_tparm.c:1340)
==4853==    by 0x49A62D5: UnknownInlinedFun (lib_mvcur.c:426)
==4853==    by 0x49A62D5: UnknownInlinedFun (lib_mvcur.c:484)
==4853==    by 0x49A62D5: newterm_sp (lib_newterm.c:343)
==4853==    by 0x49A723C: newterm (lib_newterm.c:369)
==4853==    by 0x499EB47: initscr (lib_initscr.c:93)
==4853==    by 0x4001385: main (ttext.c:18)
==4853== 
==4853== 11 bytes in 1 blocks are still reachable in loss record 10 of 72
==4853==    at 0x48507A8: malloc (vg_replace_malloc.c:446)
==4853==    by 0x4AA226F: strdup (strdup.c:42)
==4853==    by 0x49C0031: tparm_setup.lto_priv.0 (lib_tparm.c:659)
==4853==    by 0x49C9C68: _nc_tiparm (lib_tparm.c:1340)
==4853==    by 0x49A6311: UnknownInlinedFun (lib_mvcur.c:427)
==4853==    by 0x49A6311: UnknownInlinedFun (lib_mvcur.c:484)
==4853==    by 0x49A6311: newterm_sp (lib_newterm.c:343)
==4853==    by 0x49A723C: newterm (lib_newterm.c:369)
==4853==    by 0x499EB47: initscr (lib_initscr.c:93)
==4853==    by 0x4001385: main (ttext.c:18)
==4853== 
==4853== 16 bytes in 1 blocks are still reachable in loss record 11 of 72
==4853==    at 0x48507A8: malloc (vg_replace_malloc.c:446)
==4853==    by 0x4AA226F: strdup (strdup.c:42)
==4853==    by 0x49B987E: update_getenv (db_iterator.c:131)
==4853==    by 0x49BCD09: UnknownInlinedFun (db_iterator.c:158)
==4853==    by 0x49BCD09: UnknownInlinedFun (db_iterator.c:331)
==4853==    by 0x49BCD09: _nc_first_db (db_iterator.c:285)
==4853==    by 0x49D5BD8: _nc_read_entry2 (read_entry.c:902)
==4853==    by 0x49C6E34: _nc_setup_tinfo (lib_setup.c:674)
==4853==    by 0x49C6FF8: _nc_setupterm (lib_setup.c:969)
==4853==    by 0x49A580F: newterm_sp (lib_newterm.c:212)
==4853==    by 0x49A723C: newterm (lib_newterm.c:369)
==4853==    by 0x499EB47: initscr (lib_initscr.c:93)
==4853==    by 0x4001385: main (ttext.c:18)
==4853== 
==4853== 17 bytes in 1 blocks are still reachable in loss record 12 of 72
==4853==    at 0x48507A8: malloc (vg_replace_malloc.c:446)
==4853==    by 0x4AA226F: strdup (strdup.c:42)
==4853==    by 0x49C0031: tparm_setup.lto_priv.0 (lib_tparm.c:659)
==4853==    by 0x49C9C68: _nc_tiparm (lib_tparm.c:1340)
==4853==    by 0x49A61AC: UnknownInlinedFun (lib_mvcur.c:421)
==4853==    by 0x49A61AC: UnknownInlinedFun (lib_mvcur.c:484)
==4853==    by 0x49A61AC: newterm_sp (lib_newterm.c:343)
==4853==    by 0x49A723C: newterm (lib_newterm.c:369)
==4853==    by 0x499EB47: initscr (lib_initscr.c:93)
==4853==    by 0x4001385: main (ttext.c:18)
==4853== 
==4853== 17 bytes in 1 blocks are still reachable in loss record 13 of 72
==4853==    at 0x48507A8: malloc (vg_replace_malloc.c:446)
==4853==    by 0x4AA226F: strdup (strdup.c:42)
==4853==    by 0x49C0031: tparm_setup.lto_priv.0 (lib_tparm.c:659)
==4853==    by 0x49C9C68: _nc_tiparm (lib_tparm.c:1340)
==4853==    by 0x49A1C02: UnknownInlinedFun (lib_mvcur.c:300)
==4853==    by 0x49A1C02: _nc_mvcur_resume_sp (lib_mvcur.c:327)
==4853==    by 0x49A66DF: UnknownInlinedFun (lib_mvcur.c:477)
==4853==    by 0x49A66DF: UnknownInlinedFun (lib_mvcur.c:484)
==4853==    by 0x49A66DF: newterm_sp (lib_newterm.c:343)
==4853==    by 0x49A723C: newterm (lib_newterm.c:369)
==4853==    by 0x499EB47: initscr (lib_initscr.c:93)
==4853==    by 0x4001385: main (ttext.c:18)
==4853== 
==4853== 18 bytes in 1 blocks are still reachable in loss record 14 of 72
==4853==    at 0x48507A8: malloc (vg_replace_malloc.c:446)
==4853==    by 0x49BFBA0: _nc_tparm_analyze (lib_tparm.c:483)
==4853==    by 0x49BFF33: tparm_setup.lto_priv.0 (lib_tparm.c:637)
==4853==    by 0x49C9C68: _nc_tiparm (lib_tparm.c:1340)
==4853==    by 0x49A61AC: UnknownInlinedFun (lib_mvcur.c:421)
==4853==    by 0x49A61AC: UnknownInlinedFun (lib_mvcur.c:484)
==4853==    by 0x49A61AC: newterm_sp (lib_newterm.c:343)
==4853==    by 0x49A723C: newterm (lib_newterm.c:369)
==4853==    by 0x499EB47: initscr (lib_initscr.c:93)
==4853==    by 0x4001385: main (ttext.c:18)
==4853== 
==4853== 24 bytes in 1 blocks are still reachable in loss record 15 of 72
==4853==    at 0x48507A8: malloc (vg_replace_malloc.c:446)
==4853==    by 0x49CDE86: _nc_read_termtype (read_entry.c:485)
==4853==    by 0x49D56EB: _nc_read_file_entry (read_entry.c:603)
==4853==    by 0x49D5AB0: _nc_read_tic_entry.constprop.0 (read_entry.c:861)
==4853==    by 0x49D5C0A: _nc_read_entry2 (read_entry.c:905)
==4853==    by 0x49C6E34: _nc_setup_tinfo (lib_setup.c:674)
==4853==    by 0x49C6FF8: _nc_setupterm (lib_setup.c:969)
==4853==    by 0x49A580F: newterm_sp (lib_newterm.c:212)
==4853==    by 0x49A723C: newterm (lib_newterm.c:369)
==4853==    by 0x499EB47: initscr (lib_initscr.c:93)
==4853==    by 0x4001385: main (ttext.c:18)
==4853== 
==4853== 24 bytes in 1 blocks are still reachable in loss record 16 of 72
==4853==    at 0x48507A8: malloc (vg_replace_malloc.c:446)
==4853==    by 0x4B0D85A: __tsearch (tsearch.c:337)
==4853==    by 0x4B0D85A: tsearch (tsearch.c:290)
==4853==    by 0x49C0058: tparm_setup.lto_priv.0 (lib_tparm.c:660)
==4853==    by 0x49C9C68: _nc_tiparm (lib_tparm.c:1340)
==4853==    by 0x49A61AC: UnknownInlinedFun (lib_mvcur.c:421)
==4853==    by 0x49A61AC: UnknownInlinedFun (lib_mvcur.c:484)
==4853==    by 0x49A61AC: newterm_sp (lib_newterm.c:343)
==4853==    by 0x49A723C: newterm (lib_newterm.c:369)
==4853==    by 0x499EB47: initscr (lib_initscr.c:93)
==4853==    by 0x4001385: main (ttext.c:18)
==4853== 
==4853== 24 bytes in 1 blocks are still reachable in loss record 17 of 72
==4853==    at 0x48507A8: malloc (vg_replace_malloc.c:446)
==4853==    by 0x4B0D7E5: __tsearch (tsearch.c:337)
==4853==    by 0x4B0D7E5: tsearch (tsearch.c:290)
==4853==    by 0x49C0058: tparm_setup.lto_priv.0 (lib_tparm.c:660)
==4853==    by 0x49C9C68: _nc_tiparm (lib_tparm.c:1340)
==4853==    by 0x49A61E8: UnknownInlinedFun (lib_mvcur.c:422)
==4853==    by 0x49A61E8: UnknownInlinedFun (lib_mvcur.c:484)
==4853==    by 0x49A61E8: newterm_sp (lib_newterm.c:343)
==4853==    by 0x49A723C: newterm (lib_newterm.c:369)
==4853==    by 0x499EB47: initscr (lib_initscr.c:93)
==4853==    by 0x4001385: main (ttext.c:18)
==4853== 
==4853== 24 bytes in 1 blocks are still reachable in loss record 18 of 72
==4853==    at 0x48507A8: malloc (vg_replace_malloc.c:446)
==4853==    by 0x4B0D7E5: __tsearch (tsearch.c:337)
==4853==    by 0x4B0D7E5: tsearch (tsearch.c:290)
==4853==    by 0x49C0058: tparm_setup.lto_priv.0 (lib_tparm.c:660)
==4853==    by 0x49C9C68: _nc_tiparm (lib_tparm.c:1340)
==4853==    by 0x49A6224: UnknownInlinedFun (lib_mvcur.c:423)
==4853==    by 0x49A6224: UnknownInlinedFun (lib_mvcur.c:484)
==4853==    by 0x49A6224: newterm_sp (lib_newterm.c:343)
==4853==    by 0x49A723C: newterm (lib_newterm.c:369)
==4853==    by 0x499EB47: initscr (lib_initscr.c:93)
==4853==    by 0x4001385: main (ttext.c:18)
==4853== 
==4853== 24 bytes in 1 blocks are still reachable in loss record 19 of 72
==4853==    at 0x48507A8: malloc (vg_replace_malloc.c:446)
==4853==    by 0x4B0D7E5: __tsearch (tsearch.c:337)
==4853==    by 0x4B0D7E5: tsearch (tsearch.c:290)
==4853==    by 0x49C0058: tparm_setup.lto_priv.0 (lib_tparm.c:660)
==4853==    by 0x49C9C68: _nc_tiparm (lib_tparm.c:1340)
==4853==    by 0x49A6260: UnknownInlinedFun (lib_mvcur.c:424)
==4853==    by 0x49A6260: UnknownInlinedFun (lib_mvcur.c:484)
==4853==    by 0x49A6260: newterm_sp (lib_newterm.c:343)
==4853==    by 0x49A723C: newterm (lib_newterm.c:369)
==4853==    by 0x499EB47: initscr (lib_initscr.c:93)
==4853==    by 0x4001385: main (ttext.c:18)
==4853== 
==4853== 24 bytes in 1 blocks are still reachable in loss record 20 of 72
==4853==    at 0x48507A8: malloc (vg_replace_malloc.c:446)
==4853==    by 0x4B0D7E5: __tsearch (tsearch.c:337)
==4853==    by 0x4B0D7E5: tsearch (tsearch.c:290)
==4853==    by 0x49C0058: tparm_setup.lto_priv.0 (lib_tparm.c:660)
==4853==    by 0x49C9C68: _nc_tiparm (lib_tparm.c:1340)
==4853==    by 0x49A629C: UnknownInlinedFun (lib_mvcur.c:425)
==4853==    by 0x49A629C: UnknownInlinedFun (lib_mvcur.c:484)
==4853==    by 0x49A629C: newterm_sp (lib_newterm.c:343)
==4853==    by 0x49A723C: newterm (lib_newterm.c:369)
==4853==    by 0x499EB47: initscr (lib_initscr.c:93)
==4853==    by 0x4001385: main (ttext.c:18)
==4853== 
==4853== 24 bytes in 1 blocks are still reachable in loss record 21 of 72
==4853==    at 0x48507A8: malloc (vg_replace_malloc.c:446)
==4853==    by 0x4B0D7E5: __tsearch (tsearch.c:337)
==4853==    by 0x4B0D7E5: tsearch (tsearch.c:290)
==4853==    by 0x49C0058: tparm_setup.lto_priv.0 (lib_tparm.c:660)
==4853==    by 0x49C9C68: _nc_tiparm (lib_tparm.c:1340)
==4853==    by 0x49A62D5: UnknownInlinedFun (lib_mvcur.c:426)
==4853==    by 0x49A62D5: UnknownInlinedFun (lib_mvcur.c:484)
==4853==    by 0x49A62D5: newterm_sp (lib_newterm.c:343)
==4853==    by 0x49A723C: newterm (lib_newterm.c:369)
==4853==    by 0x499EB47: initscr (lib_initscr.c:93)
==4853==    by 0x4001385: main (ttext.c:18)
==4853== 
==4853== 24 bytes in 1 blocks are still reachable in loss record 22 of 72
==4853==    at 0x48507A8: malloc (vg_replace_malloc.c:446)
==4853==    by 0x4B0D7E5: __tsearch (tsearch.c:337)
==4853==    by 0x4B0D7E5: tsearch (tsearch.c:290)
==4853==    by 0x49C0058: tparm_setup.lto_priv.0 (lib_tparm.c:660)
==4853==    by 0x49C9C68: _nc_tiparm (lib_tparm.c:1340)
==4853==    by 0x49A6311: UnknownInlinedFun (lib_mvcur.c:427)
==4853==    by 0x49A6311: UnknownInlinedFun (lib_mvcur.c:484)
==4853==    by 0x49A6311: newterm_sp (lib_newterm.c:343)
==4853==    by 0x49A723C: newterm (lib_newterm.c:369)
==4853==    by 0x499EB47: initscr (lib_initscr.c:93)
==4853==    by 0x4001385: main (ttext.c:18)
==4853== 
==4853== 24 bytes in 1 blocks are still reachable in loss record 23 of 72
==4853==    at 0x48507A8: malloc (vg_replace_malloc.c:446)
==4853==    by 0x4B0D7E5: __tsearch (tsearch.c:337)
==4853==    by 0x4B0D7E5: tsearch (tsearch.c:290)
==4853==    by 0x49C0058: tparm_setup.lto_priv.0 (lib_tparm.c:660)
==4853==    by 0x49C9C68: _nc_tiparm (lib_tparm.c:1340)
==4853==    by 0x49A645A: UnknownInlinedFun (lib_mvcur.c:444)
==4853==    by 0x49A645A: UnknownInlinedFun (lib_mvcur.c:484)
==4853==    by 0x49A645A: newterm_sp (lib_newterm.c:343)
==4853==    by 0x49A723C: newterm (lib_newterm.c:369)
==4853==    by 0x499EB47: initscr (lib_initscr.c:93)
==4853==    by 0x4001385: main (ttext.c:18)
==4853== 
==4853== 24 bytes in 1 blocks are still reachable in loss record 24 of 72
==4853==    at 0x48507A8: malloc (vg_replace_malloc.c:446)
==4853==    by 0x4B0D7E5: __tsearch (tsearch.c:337)
==4853==    by 0x4B0D7E5: tsearch (tsearch.c:290)
==4853==    by 0x49C0058: tparm_setup.lto_priv.0 (lib_tparm.c:660)
==4853==    by 0x49C9C68: _nc_tiparm (lib_tparm.c:1340)
==4853==    by 0x49A64AC: UnknownInlinedFun (lib_mvcur.c:445)
==4853==    by 0x49A64AC: UnknownInlinedFun (lib_mvcur.c:484)
==4853==    by 0x49A64AC: newterm_sp (lib_newterm.c:343)
==4853==    by 0x49A723C: newterm (lib_newterm.c:369)
==4853==    by 0x499EB47: initscr (lib_initscr.c:93)
==4853==    by 0x4001385: main (ttext.c:18)
==4853== 
==4853== 24 bytes in 1 blocks are still reachable in loss record 25 of 72
==4853==    at 0x48507A8: malloc (vg_replace_malloc.c:446)
==4853==    by 0x4B0D7E5: __tsearch (tsearch.c:337)
==4853==    by 0x4B0D7E5: tsearch (tsearch.c:290)
==4853==    by 0x49C0058: tparm_setup.lto_priv.0 (lib_tparm.c:660)
==4853==    by 0x49C9C68: _nc_tiparm (lib_tparm.c:1340)
==4853==    by 0x49A64FE: UnknownInlinedFun (lib_mvcur.c:446)
==4853==    by 0x49A64FE: UnknownInlinedFun (lib_mvcur.c:484)
==4853==    by 0x49A64FE: newterm_sp (lib_newterm.c:343)
==4853==    by 0x49A723C: newterm (lib_newterm.c:369)
==4853==    by 0x499EB47: initscr (lib_initscr.c:93)
==4853==    by 0x4001385: main (ttext.c:18)
==4853== 
==4853== 24 bytes in 1 blocks are still reachable in loss record 26 of 72
==4853==    at 0x48507A8: malloc (vg_replace_malloc.c:446)
==4853==    by 0x4B0D7E5: __tsearch (tsearch.c:337)
==4853==    by 0x4B0D7E5: tsearch (tsearch.c:290)
==4853==    by 0x49C0058: tparm_setup.lto_priv.0 (lib_tparm.c:660)
==4853==    by 0x49C9C68: _nc_tiparm (lib_tparm.c:1340)
==4853==    by 0x49A1C02: UnknownInlinedFun (lib_mvcur.c:300)
==4853==    by 0x49A1C02: _nc_mvcur_resume_sp (lib_mvcur.c:327)
==4853==    by 0x49A66DF: UnknownInlinedFun (lib_mvcur.c:477)
==4853==    by 0x49A66DF: UnknownInlinedFun (lib_mvcur.c:484)
==4853==    by 0x49A66DF: newterm_sp (lib_newterm.c:343)
==4853==    by 0x49A723C: newterm (lib_newterm.c:369)
==4853==    by 0x499EB47: initscr (lib_initscr.c:93)
==4853==    by 0x4001385: main (ttext.c:18)
==4853== 
==4853== 25 bytes in 1 blocks are still reachable in loss record 27 of 72
==4853==    at 0x4857C13: calloc (vg_replace_malloc.c:1675)
==4853==    by 0x49BB086: copy_termtype (alloc_ttype.c:669)
==4853==    by 0x49C702A: _nc_setupterm (lib_setup.c:1001)
==4853==    by 0x49A580F: newterm_sp (lib_newterm.c:212)
==4853==    by 0x49A723C: newterm (lib_newterm.c:369)
==4853==    by 0x499EB47: initscr (lib_initscr.c:93)
==4853==    by 0x4001385: main (ttext.c:18)
==4853== 
==4853== 28 bytes in 1 blocks are still reachable in loss record 28 of 72
==4853==    at 0x48507A8: malloc (vg_replace_malloc.c:446)
==4853==    by 0x49BC667: _nc_home_terminfo (home_terminfo.c:59)
==4853==    by 0x49BCCF4: UnknownInlinedFun (db_iterator.c:330)
==4853==    by 0x49BCCF4: _nc_first_db (db_iterator.c:285)
==4853==    by 0x49D5BD8: _nc_read_entry2 (read_entry.c:902)
==4853==    by 0x49C6E34: _nc_setup_tinfo (lib_setup.c:674)
==4853==    by 0x49C6FF8: _nc_setupterm (lib_setup.c:969)
==4853==    by 0x49A580F: newterm_sp (lib_newterm.c:212)
==4853==    by 0x49A723C: newterm (lib_newterm.c:369)
==4853==    by 0x499EB47: initscr (lib_initscr.c:93)
==4853==    by 0x4001385: main (ttext.c:18)
==4853== 
==4853== 28 bytes in 1 blocks are still reachable in loss record 29 of 72
==4853==    at 0x4857C13: calloc (vg_replace_malloc.c:1675)
==4853==    by 0x49A58AE: UnknownInlinedFun (lib_set_term.c:360)
==4853==    by 0x49A58AE: newterm_sp (lib_newterm.c:234)
==4853==    by 0x49A723C: newterm (lib_newterm.c:369)
==4853==    by 0x499EB47: initscr (lib_initscr.c:93)
==4853==    by 0x4001385: main (ttext.c:18)
==4853== 
==4853== 32 bytes in 1 blocks are still reachable in loss record 30 of 72
==4853==    at 0x4857C13: calloc (vg_replace_malloc.c:1675)
==4853==    by 0x49BC8A4: UnknownInlinedFun (db_iterator.c:367)
==4853==    by 0x49BC8A4: _nc_first_db (db_iterator.c:285)
==4853==    by 0x49D5BD8: _nc_read_entry2 (read_entry.c:902)
==4853==    by 0x49C6E34: _nc_setup_tinfo (lib_setup.c:674)
==4853==    by 0x49C6FF8: _nc_setupterm (lib_setup.c:969)
==4853==    by 0x49A580F: newterm_sp (lib_newterm.c:212)
==4853==    by 0x49A723C: newterm (lib_newterm.c:369)
==4853==    by 0x499EB47: initscr (lib_initscr.c:93)
==4853==    by 0x4001385: main (ttext.c:18)
==4853== 
==4853== 32 bytes in 1 blocks are still reachable in loss record 31 of 72
==4853==    at 0x4857C13: calloc (vg_replace_malloc.c:1675)
==4853==    by 0x49CDFDA: _nc_read_termtype (read_entry.c:533)
==4853==    by 0x49D56EB: _nc_read_file_entry (read_entry.c:603)
==4853==    by 0x49D5AB0: _nc_read_tic_entry.constprop.0 (read_entry.c:861)
==4853==    by 0x49D5C0A: _nc_read_entry2 (read_entry.c:905)
==4853==    by 0x49C6E34: _nc_setup_tinfo (lib_setup.c:674)
==4853==    by 0x49C6FF8: _nc_setupterm (lib_setup.c:969)
==4853==    by 0x49A580F: newterm_sp (lib_newterm.c:212)
==4853==    by 0x49A723C: newterm (lib_newterm.c:369)
==4853==    by 0x499EB47: initscr (lib_initscr.c:93)
==4853==    by 0x4001385: main (ttext.c:18)
==4853== 
==4853== 32 bytes in 1 blocks are still reachable in loss record 32 of 72
==4853==    at 0x48507A8: malloc (vg_replace_malloc.c:446)
==4853==    by 0x49BAEF6: copy_termtype (alloc_ttype.c:632)
==4853==    by 0x49C702A: _nc_setupterm (lib_setup.c:1001)
==4853==    by 0x49A580F: newterm_sp (lib_newterm.c:212)
==4853==    by 0x49A723C: newterm (lib_newterm.c:369)
==4853==    by 0x499EB47: initscr (lib_initscr.c:93)
==4853==    by 0x4001385: main (ttext.c:18)
==4853== 
==4853== 45 bytes in 1 blocks are still reachable in loss record 33 of 72
==4853==    at 0x4857E4F: realloc (vg_replace_malloc.c:1801)
==4853==    by 0x49BB66F: _nc_doalloc (doalloc.c:54)
==4853==    by 0x49CDC6D: _nc_read_termtype (read_entry.c:438)
==4853==    by 0x49D56EB: _nc_read_file_entry (read_entry.c:603)
==4853==    by 0x49D5AB0: _nc_read_tic_entry.constprop.0 (read_entry.c:861)
==4853==    by 0x49D5C0A: _nc_read_entry2 (read_entry.c:905)
==4853==    by 0x49C6E34: _nc_setup_tinfo (lib_setup.c:674)
==4853==    by 0x49C6FF8: _nc_setupterm (lib_setup.c:969)
==4853==    by 0x49A580F: newterm_sp (lib_newterm.c:212)
==4853==    by 0x49A723C: newterm (lib_newterm.c:369)
==4853==    by 0x499EB47: initscr (lib_initscr.c:93)
==4853==    by 0x4001385: main (ttext.c:18)
==4853== 
==4853== 45 bytes in 1 blocks are still reachable in loss record 34 of 72
==4853==    at 0x48507A8: malloc (vg_replace_malloc.c:446)
==4853==    by 0x49BAB95: copy_termtype (alloc_ttype.c:543)
==4853==    by 0x49C702A: _nc_setupterm (lib_setup.c:1001)
==4853==    by 0x49A580F: newterm_sp (lib_newterm.c:212)
==4853==    by 0x49A723C: newterm (lib_newterm.c:369)
==4853==    by 0x499EB47: initscr (lib_initscr.c:93)
==4853==    by 0x4001385: main (ttext.c:18)
==4853== 
==4853== 70 bytes in 1 blocks are still reachable in loss record 35 of 72
==4853==    at 0x4857E4F: realloc (vg_replace_malloc.c:1801)
==4853==    by 0x49BB66F: _nc_doalloc (doalloc.c:54)
==4853==    by 0x49CA582: UnknownInlinedFun (lib_tparm.c:824)
==4853==    by 0x49CA582: _nc_tiparm (lib_tparm.c:1393)
==4853==    by 0x49A61AC: UnknownInlinedFun (lib_mvcur.c:421)
==4853==    by 0x49A61AC: UnknownInlinedFun (lib_mvcur.c:484)
==4853==    by 0x49A61AC: newterm_sp (lib_newterm.c:343)
==4853==    by 0x49A723C: newterm (lib_newterm.c:369)
==4853==    by 0x499EB47: initscr (lib_initscr.c:93)
==4853==    by 0x4001385: main (ttext.c:18)
==4853== 
==4853== 75 bytes in 1 blocks are still reachable in loss record 36 of 72
==4853==    at 0x48507A8: malloc (vg_replace_malloc.c:446)
==4853==    by 0x49BC7FA: UnknownInlinedFun (db_iterator.c:352)
==4853==    by 0x49BC7FA: _nc_first_db (db_iterator.c:285)
==4853==    by 0x49D5BD8: _nc_read_entry2 (read_entry.c:902)
==4853==    by 0x49C6E34: _nc_setup_tinfo (lib_setup.c:674)
==4853==    by 0x49C6FF8: _nc_setupterm (lib_setup.c:969)
==4853==    by 0x49A580F: newterm_sp (lib_newterm.c:212)
==4853==    by 0x49A723C: newterm (lib_newterm.c:369)
==4853==    by 0x499EB47: initscr (lib_initscr.c:93)
==4853==    by 0x4001385: main (ttext.c:18)
==4853== 
==4853== 80 bytes in 1 blocks are still reachable in loss record 37 of 72
==4853==    at 0x48507A8: malloc (vg_replace_malloc.c:446)
==4853==    by 0x49BACD6: copy_termtype (alloc_ttype.c:590)
==4853==    by 0x49C702A: _nc_setupterm (lib_setup.c:1001)
==4853==    by 0x49A580F: newterm_sp (lib_newterm.c:212)
==4853==    by 0x49A723C: newterm (lib_newterm.c:369)
==4853==    by 0x499EB47: initscr (lib_initscr.c:93)
==4853==    by 0x4001385: main (ttext.c:18)
==4853== 
==4853== 128 bytes in 1 blocks are still reachable in loss record 38 of 72
==4853==    at 0x4857C13: calloc (vg_replace_malloc.c:1675)
==4853==    by 0x49A587A: UnknownInlinedFun (lib_set_term.c:351)
==4853==    by 0x49A587A: newterm_sp (lib_newterm.c:234)
==4853==    by 0x49A723C: newterm (lib_newterm.c:369)
==4853==    by 0x499EB47: initscr (lib_initscr.c:93)
==4853==    by 0x4001385: main (ttext.c:18)
==4853== 
==4853== 160 bytes in 1 blocks are still reachable in loss record 39 of 72
==4853==    at 0x4857E4F: realloc (vg_replace_malloc.c:1801)
==4853==    by 0x49BB66F: _nc_doalloc (doalloc.c:54)
==4853==    by 0x49CDC94: _nc_read_termtype (read_entry.c:439)
==4853==    by 0x49D56EB: _nc_read_file_entry (read_entry.c:603)
==4853==    by 0x49D5AB0: _nc_read_tic_entry.constprop.0 (read_entry.c:861)
==4853==    by 0x49D5C0A: _nc_read_entry2 (read_entry.c:905)
==4853==    by 0x49C6E34: _nc_setup_tinfo (lib_setup.c:674)
==4853==    by 0x49C6FF8: _nc_setupterm (lib_setup.c:969)
==4853==    by 0x49A580F: newterm_sp (lib_newterm.c:212)
==4853==    by 0x49A723C: newterm (lib_newterm.c:369)
==4853==    by 0x499EB47: initscr (lib_initscr.c:93)
==4853==    by 0x4001385: main (ttext.c:18)
==4853== 
==4853== 168 bytes in 1 blocks are still reachable in loss record 40 of 72
==4853==    at 0x4857C13: calloc (vg_replace_malloc.c:1675)
==4853==    by 0x49BFFAA: tparm_setup.lto_priv.0 (lib_tparm.c:657)
==4853==    by 0x49C9C68: _nc_tiparm (lib_tparm.c:1340)
==4853==    by 0x49A61AC: UnknownInlinedFun (lib_mvcur.c:421)
==4853==    by 0x49A61AC: UnknownInlinedFun (lib_mvcur.c:484)
==4853==    by 0x49A61AC: newterm_sp (lib_newterm.c:343)
==4853==    by 0x49A723C: newterm (lib_newterm.c:369)
==4853==    by 0x499EB47: initscr (lib_initscr.c:93)
==4853==    by 0x4001385: main (ttext.c:18)
==4853== 
==4853== 168 bytes in 1 blocks are still reachable in loss record 41 of 72
==4853==    at 0x4857C13: calloc (vg_replace_malloc.c:1675)
==4853==    by 0x49BFFAA: tparm_setup.lto_priv.0 (lib_tparm.c:657)
==4853==    by 0x49C9C68: _nc_tiparm (lib_tparm.c:1340)
==4853==    by 0x49A61E8: UnknownInlinedFun (lib_mvcur.c:422)
==4853==    by 0x49A61E8: UnknownInlinedFun (lib_mvcur.c:484)
==4853==    by 0x49A61E8: newterm_sp (lib_newterm.c:343)
==4853==    by 0x49A723C: newterm (lib_newterm.c:369)
==4853==    by 0x499EB47: initscr (lib_initscr.c:93)
==4853==    by 0x4001385: main (ttext.c:18)
==4853== 
==4853== 168 bytes in 1 blocks are still reachable in loss record 42 of 72
==4853==    at 0x4857C13: calloc (vg_replace_malloc.c:1675)
==4853==    by 0x49BFFAA: tparm_setup.lto_priv.0 (lib_tparm.c:657)
==4853==    by 0x49C9C68: _nc_tiparm (lib_tparm.c:1340)
==4853==    by 0x49A6224: UnknownInlinedFun (lib_mvcur.c:423)
==4853==    by 0x49A6224: UnknownInlinedFun (lib_mvcur.c:484)
==4853==    by 0x49A6224: newterm_sp (lib_newterm.c:343)
==4853==    by 0x49A723C: newterm (lib_newterm.c:369)
==4853==    by 0x499EB47: initscr (lib_initscr.c:93)
==4853==    by 0x4001385: main (ttext.c:18)
==4853== 
==4853== 168 bytes in 1 blocks are still reachable in loss record 43 of 72
==4853==    at 0x4857C13: calloc (vg_replace_malloc.c:1675)
==4853==    by 0x49BFFAA: tparm_setup.lto_priv.0 (lib_tparm.c:657)
==4853==    by 0x49C9C68: _nc_tiparm (lib_tparm.c:1340)
==4853==    by 0x49A6260: UnknownInlinedFun (lib_mvcur.c:424)
==4853==    by 0x49A6260: UnknownInlinedFun (lib_mvcur.c:484)
==4853==    by 0x49A6260: newterm_sp (lib_newterm.c:343)
==4853==    by 0x49A723C: newterm (lib_newterm.c:369)
==4853==    by 0x499EB47: initscr (lib_initscr.c:93)
==4853==    by 0x4001385: main (ttext.c:18)
==4853== 
==4853== 168 bytes in 1 blocks are still reachable in loss record 44 of 72
==4853==    at 0x4857C13: calloc (vg_replace_malloc.c:1675)
==4853==    by 0x49BFFAA: tparm_setup.lto_priv.0 (lib_tparm.c:657)
==4853==    by 0x49C9C68: _nc_tiparm (lib_tparm.c:1340)
==4853==    by 0x49A629C: UnknownInlinedFun (lib_mvcur.c:425)
==4853==    by 0x49A629C: UnknownInlinedFun (lib_mvcur.c:484)
==4853==    by 0x49A629C: newterm_sp (lib_newterm.c:343)
==4853==    by 0x49A723C: newterm (lib_newterm.c:369)
==4853==    by 0x499EB47: initscr (lib_initscr.c:93)
==4853==    by 0x4001385: main (ttext.c:18)
==4853== 
==4853== 168 bytes in 1 blocks are still reachable in loss record 45 of 72
==4853==    at 0x4857C13: calloc (vg_replace_malloc.c:1675)
==4853==    by 0x49BFFAA: tparm_setup.lto_priv.0 (lib_tparm.c:657)
==4853==    by 0x49C9C68: _nc_tiparm (lib_tparm.c:1340)
==4853==    by 0x49A62D5: UnknownInlinedFun (lib_mvcur.c:426)
==4853==    by 0x49A62D5: UnknownInlinedFun (lib_mvcur.c:484)
==4853==    by 0x49A62D5: newterm_sp (lib_newterm.c:343)
==4853==    by 0x49A723C: newterm (lib_newterm.c:369)
==4853==    by 0x499EB47: initscr (lib_initscr.c:93)
==4853==    by 0x4001385: main (ttext.c:18)
==4853== 
==4853== 168 bytes in 1 blocks are still reachable in loss record 46 of 72
==4853==    at 0x4857C13: calloc (vg_replace_malloc.c:1675)
==4853==    by 0x49BFFAA: tparm_setup.lto_priv.0 (lib_tparm.c:657)
==4853==    by 0x49C9C68: _nc_tiparm (lib_tparm.c:1340)
==4853==    by 0x49A6311: UnknownInlinedFun (lib_mvcur.c:427)
==4853==    by 0x49A6311: UnknownInlinedFun (lib_mvcur.c:484)
==4853==    by 0x49A6311: newterm_sp (lib_newterm.c:343)
==4853==    by 0x49A723C: newterm (lib_newterm.c:369)
==4853==    by 0x499EB47: initscr (lib_initscr.c:93)
==4853==    by 0x4001385: main (ttext.c:18)
==4853== 
==4853== 168 bytes in 1 blocks are still reachable in loss record 47 of 72
==4853==    at 0x4857C13: calloc (vg_replace_malloc.c:1675)
==4853==    by 0x49BFFAA: tparm_setup.lto_priv.0 (lib_tparm.c:657)
==4853==    by 0x49C9C68: _nc_tiparm (lib_tparm.c:1340)
==4853==    by 0x49A645A: UnknownInlinedFun (lib_mvcur.c:444)
==4853==    by 0x49A645A: UnknownInlinedFun (lib_mvcur.c:484)
==4853==    by 0x49A645A: newterm_sp (lib_newterm.c:343)
==4853==    by 0x49A723C: newterm (lib_newterm.c:369)
==4853==    by 0x499EB47: initscr (lib_initscr.c:93)
==4853==    by 0x4001385: main (ttext.c:18)
==4853== 
==4853== 168 bytes in 1 blocks are still reachable in loss record 48 of 72
==4853==    at 0x4857C13: calloc (vg_replace_malloc.c:1675)
==4853==    by 0x49BFFAA: tparm_setup.lto_priv.0 (lib_tparm.c:657)
==4853==    by 0x49C9C68: _nc_tiparm (lib_tparm.c:1340)
==4853==    by 0x49A64AC: UnknownInlinedFun (lib_mvcur.c:445)
==4853==    by 0x49A64AC: UnknownInlinedFun (lib_mvcur.c:484)
==4853==    by 0x49A64AC: newterm_sp (lib_newterm.c:343)
==4853==    by 0x49A723C: newterm (lib_newterm.c:369)
==4853==    by 0x499EB47: initscr (lib_initscr.c:93)
==4853==    by 0x4001385: main (ttext.c:18)
==4853== 
==4853== 168 bytes in 1 blocks are still reachable in loss record 49 of 72
==4853==    at 0x4857C13: calloc (vg_replace_malloc.c:1675)
==4853==    by 0x49BFFAA: tparm_setup.lto_priv.0 (lib_tparm.c:657)
==4853==    by 0x49C9C68: _nc_tiparm (lib_tparm.c:1340)
==4853==    by 0x49A64FE: UnknownInlinedFun (lib_mvcur.c:446)
==4853==    by 0x49A64FE: UnknownInlinedFun (lib_mvcur.c:484)
==4853==    by 0x49A64FE: newterm_sp (lib_newterm.c:343)
==4853==    by 0x49A723C: newterm (lib_newterm.c:369)
==4853==    by 0x499EB47: initscr (lib_initscr.c:93)
==4853==    by 0x4001385: main (ttext.c:18)
==4853== 
==4853== 168 bytes in 1 blocks are still reachable in loss record 50 of 72
==4853==    at 0x4857C13: calloc (vg_replace_malloc.c:1675)
==4853==    by 0x49BFFAA: tparm_setup.lto_priv.0 (lib_tparm.c:657)
==4853==    by 0x49C9C68: _nc_tiparm (lib_tparm.c:1340)
==4853==    by 0x49A1C02: UnknownInlinedFun (lib_mvcur.c:300)
==4853==    by 0x49A1C02: _nc_mvcur_resume_sp (lib_mvcur.c:327)
==4853==    by 0x49A66DF: UnknownInlinedFun (lib_mvcur.c:477)
==4853==    by 0x49A66DF: UnknownInlinedFun (lib_mvcur.c:484)
==4853==    by 0x49A66DF: newterm_sp (lib_newterm.c:343)
==4853==    by 0x49A723C: newterm (lib_newterm.c:369)
==4853==    by 0x499EB47: initscr (lib_initscr.c:93)
==4853==    by 0x4001385: main (ttext.c:18)
==4853== 
==4853== 268 bytes in 1 blocks are still reachable in loss record 51 of 72
==4853==    at 0x48507A8: malloc (vg_replace_malloc.c:446)
==4853==    by 0x49B5014: UnknownInlinedFun (hardscroll.c:204)
==4853==    by 0x49B5014: doupdate_sp (tty_update.c:1011)
==4853==    by 0x49A744C: wrefresh (lib_refresh.c:66)
==4853==    by 0x4003745: listener_func (terminal_mode.c:423)
==4853==    by 0x4A8A98A: start_thread (pthread_create.c:448)
==4853==    by 0x4B0E7F3: clone (clone.S:100)
==4853== 
==4853== 296 bytes in 1 blocks are still reachable in loss record 52 of 72
==4853==    at 0x4857C13: calloc (vg_replace_malloc.c:1675)
==4853==    by 0x499FE76: _nc_makenew_sp (lib_newwin.c:287)
==4853==    by 0x49A42FB: newwin_sp (lib_newwin.c:161)
==4853==    by 0x49A5C9F: UnknownInlinedFun (lib_set_term.c:664)
==4853==    by 0x49A5C9F: newterm_sp (lib_newterm.c:234)
==4853==    by 0x49A723C: newterm (lib_newterm.c:369)
==4853==    by 0x499EB47: initscr (lib_initscr.c:93)
==4853==    by 0x4001385: main (ttext.c:18)
==4853== 
==4853== 296 bytes in 1 blocks are still reachable in loss record 53 of 72
==4853==    at 0x4857C13: calloc (vg_replace_malloc.c:1675)
==4853==    by 0x499FE76: _nc_makenew_sp (lib_newwin.c:287)
==4853==    by 0x49A42FB: newwin_sp (lib_newwin.c:161)
==4853==    by 0x49A5CC3: UnknownInlinedFun (lib_set_term.c:670)
==4853==    by 0x49A5CC3: newterm_sp (lib_newterm.c:234)
==4853==    by 0x49A723C: newterm (lib_newterm.c:369)
==4853==    by 0x499EB47: initscr (lib_initscr.c:93)
==4853==    by 0x4001385: main (ttext.c:18)
==4853== 
==4853== 296 bytes in 1 blocks are still reachable in loss record 54 of 72
==4853==    at 0x4857C13: calloc (vg_replace_malloc.c:1675)
==4853==    by 0x499FE76: _nc_makenew_sp (lib_newwin.c:287)
==4853==    by 0x49A42FB: newwin_sp (lib_newwin.c:161)
==4853==    by 0x49A5E78: UnknownInlinedFun (lib_set_term.c:756)
==4853==    by 0x49A5E78: newterm_sp (lib_newterm.c:234)
==4853==    by 0x49A723C: newterm (lib_newterm.c:369)
==4853==    by 0x499EB47: initscr (lib_initscr.c:93)
==4853==    by 0x4001385: main (ttext.c:18)
==4853== 
==4853== 512 bytes in 1 blocks are still reachable in loss record 55 of 72
==4853==    at 0x4857C13: calloc (vg_replace_malloc.c:1675)
==4853==    by 0x49A5857: UnknownInlinedFun (lib_set_term.c:348)
==4853==    by 0x49A5857: newterm_sp (lib_newterm.c:234)
==4853==    by 0x49A723C: newterm (lib_newterm.c:369)
==4853==    by 0x499EB47: initscr (lib_initscr.c:93)
==4853==    by 0x4001385: main (ttext.c:18)
==4853== 
==4853== 536 bytes in 1 blocks are still reachable in loss record 56 of 72
==4853==    at 0x4857C13: calloc (vg_replace_malloc.c:1675)
==4853==    by 0x49B5787: UnknownInlinedFun (hashmap.c:316)
==4853==    by 0x49B5787: UnknownInlinedFun (hardscroll.c:215)
==4853==    by 0x49B5787: doupdate_sp (tty_update.c:1011)
==4853==    by 0x49A744C: wrefresh (lib_refresh.c:66)
==4853==    by 0x4003745: listener_func (terminal_mode.c:423)
==4853==    by 0x4A8A98A: start_thread (pthread_create.c:448)
==4853==    by 0x4B0E7F3: clone (clone.S:100)
==4853== 
==4853== 536 bytes in 1 blocks are still reachable in loss record 57 of 72
==4853==    at 0x4857C13: calloc (vg_replace_malloc.c:1675)
==4853==    by 0x49B5465: UnknownInlinedFun (hashmap.c:319)
==4853==    by 0x49B5465: UnknownInlinedFun (hardscroll.c:215)
==4853==    by 0x49B5465: doupdate_sp (tty_update.c:1011)
==4853==    by 0x49A744C: wrefresh (lib_refresh.c:66)
==4853==    by 0x4003745: listener_func (terminal_mode.c:423)
==4853==    by 0x4A8A98A: start_thread (pthread_create.c:448)
==4853==    by 0x4B0E7F3: clone (clone.S:100)
==4853== 
==4853== 760 bytes in 1 blocks are still reachable in loss record 58 of 72
==4853==    at 0x4857C13: calloc (vg_replace_malloc.c:1675)
==4853==    by 0x49C6FA0: _nc_setupterm (lib_setup.c:925)
==4853==    by 0x49A580F: newterm_sp (lib_newterm.c:212)
==4853==    by 0x49A723C: newterm (lib_newterm.c:369)
==4853==    by 0x499EB47: initscr (lib_initscr.c:93)
==4853==    by 0x4001385: main (ttext.c:18)
==4853== 
==4853== 855 bytes in 1 blocks are still reachable in loss record 59 of 72
==4853==    at 0x48507A8: malloc (vg_replace_malloc.c:446)
==4853==    by 0x49CD400: _nc_read_termtype (read_entry.c:349)
==4853==    by 0x49D56EB: _nc_read_file_entry (read_entry.c:603)
==4853==    by 0x49D5AB0: _nc_read_tic_entry.constprop.0 (read_entry.c:861)
==4853==    by 0x49D5C0A: _nc_read_entry2 (read_entry.c:905)
==4853==    by 0x49C6E34: _nc_setup_tinfo (lib_setup.c:674)
==4853==    by 0x49C6FF8: _nc_setupterm (lib_setup.c:969)
==4853==    by 0x49A580F: newterm_sp (lib_newterm.c:212)
==4853==    by 0x49A723C: newterm (lib_newterm.c:369)
==4853==    by 0x499EB47: initscr (lib_initscr.c:93)
==4853==    by 0x4001385: main (ttext.c:18)
==4853== 
==4853== 864 bytes in 1 blocks are still reachable in loss record 60 of 72
==4853==    at 0x48507A8: malloc (vg_replace_malloc.c:446)
==4853==    by 0x49BAE79: copy_termtype (alloc_ttype.c:581)
==4853==    by 0x49C702A: _nc_setupterm (lib_setup.c:1001)
==4853==    by 0x49A580F: newterm_sp (lib_newterm.c:212)
==4853==    by 0x49A723C: newterm (lib_newterm.c:369)
==4853==    by 0x499EB47: initscr (lib_initscr.c:93)
==4853==    by 0x4001385: main (ttext.c:18)
==4853== 
==4853== 1,072 bytes in 1 blocks are still reachable in loss record 61 of 72
==4853==    at 0x4857C13: calloc (vg_replace_malloc.c:1675)
==4853==    by 0x499FE92: _nc_makenew_sp (lib_newwin.c:292)
==4853==    by 0x49A42FB: newwin_sp (lib_newwin.c:161)
==4853==    by 0x49A5C9F: UnknownInlinedFun (lib_set_term.c:664)
==4853==    by 0x49A5C9F: newterm_sp (lib_newterm.c:234)
==4853==    by 0x49A723C: newterm (lib_newterm.c:369)
==4853==    by 0x499EB47: initscr (lib_initscr.c:93)
==4853==    by 0x4001385: main (ttext.c:18)
==4853== 
==4853== 1,072 bytes in 1 blocks are still reachable in loss record 62 of 72
==4853==    at 0x4857C13: calloc (vg_replace_malloc.c:1675)
==4853==    by 0x499FE92: _nc_makenew_sp (lib_newwin.c:292)
==4853==    by 0x49A42FB: newwin_sp (lib_newwin.c:161)
==4853==    by 0x49A5CC3: UnknownInlinedFun (lib_set_term.c:670)
==4853==    by 0x49A5CC3: newterm_sp (lib_newterm.c:234)
==4853==    by 0x49A723C: newterm (lib_newterm.c:369)
==4853==    by 0x499EB47: initscr (lib_initscr.c:93)
==4853==    by 0x4001385: main (ttext.c:18)
==4853== 
==4853== 1,072 bytes in 1 blocks are still reachable in loss record 63 of 72
==4853==    at 0x4857C13: calloc (vg_replace_malloc.c:1675)
==4853==    by 0x499FE92: _nc_makenew_sp (lib_newwin.c:292)
==4853==    by 0x49A42FB: newwin_sp (lib_newwin.c:161)
==4853==    by 0x49A5E78: UnknownInlinedFun (lib_set_term.c:756)
==4853==    by 0x49A5E78: newterm_sp (lib_newterm.c:234)
==4853==    by 0x49A723C: newterm (lib_newterm.c:369)
==4853==    by 0x499EB47: initscr (lib_initscr.c:93)
==4853==    by 0x4001385: main (ttext.c:18)
==4853== 
==4853== 1,568 bytes in 1 blocks are still reachable in loss record 64 of 72
==4853==    at 0x4857C13: calloc (vg_replace_malloc.c:1675)
==4853==    by 0x49BE91B: UnknownInlinedFun (lib_setup.c:1134)
==4853==    by 0x49BE91B: new_prescr (lib_setup.c:1125)
==4853==    by 0x49A7222: newterm (lib_newterm.c:369)
==4853==    by 0x499EB47: initscr (lib_initscr.c:93)
==4853==    by 0x4001385: main (ttext.c:18)
==4853== 
==4853== 3,264 bytes in 1 blocks are still reachable in loss record 65 of 72
==4853==    at 0x48507A8: malloc (vg_replace_malloc.c:446)
==4853==    by 0x49B506A: UnknownInlinedFun (hashmap.c:295)
==4853==    by 0x49B506A: UnknownInlinedFun (hardscroll.c:215)
==4853==    by 0x49B506A: doupdate_sp (tty_update.c:1011)
==4853==    by 0x49A744C: wrefresh (lib_refresh.c:66)
==4853==    by 0x4003745: listener_func (terminal_mode.c:423)
==4853==    by 0x4A8A98A: start_thread (pthread_create.c:448)
==4853==    by 0x4B0E7F3: clone (clone.S:100)
==4853== 
==4853== 3,328 bytes in 1 blocks are still reachable in loss record 66 of 72
==4853==    at 0x4857E4F: realloc (vg_replace_malloc.c:1801)
==4853==    by 0x49BB66F: _nc_doalloc (doalloc.c:54)
==4853==    by 0x49CDCBB: _nc_read_termtype (read_entry.c:440)
==4853==    by 0x49D56EB: _nc_read_file_entry (read_entry.c:603)
==4853==    by 0x49D5AB0: _nc_read_tic_entry.constprop.0 (read_entry.c:861)
==4853==    by 0x49D5C0A: _nc_read_entry2 (read_entry.c:905)
==4853==    by 0x49C6E34: _nc_setup_tinfo (lib_setup.c:674)
==4853==    by 0x49C6FF8: _nc_setupterm (lib_setup.c:969)
==4853==    by 0x49A580F: newterm_sp (lib_newterm.c:212)
==4853==    by 0x49A723C: newterm (lib_newterm.c:369)
==4853==    by 0x499EB47: initscr (lib_initscr.c:93)
==4853==    by 0x4001385: main (ttext.c:18)
==4853== 
==4853== 3,328 bytes in 1 blocks are still reachable in loss record 67 of 72
==4853==    at 0x48507A8: malloc (vg_replace_malloc.c:446)
==4853==    by 0x49BABBD: copy_termtype (alloc_ttype.c:544)
==4853==    by 0x49C702A: _nc_setupterm (lib_setup.c:1001)
==4853==    by 0x49A580F: newterm_sp (lib_newterm.c:212)
==4853==    by 0x49A723C: newterm (lib_newterm.c:369)
==4853==    by 0x499EB47: initscr (lib_initscr.c:93)
==4853==    by 0x4001385: main (ttext.c:18)
==4853== 
==4853== 3,584 bytes in 1 blocks are still reachable in loss record 68 of 72
==4853==    at 0x4857C13: calloc (vg_replace_malloc.c:1675)
==4853==    by 0x49A6BA8: UnknownInlinedFun (lib_wacs.c:122)
==4853==    by 0x49A6BA8: UnknownInlinedFun (lib_set_term.c:642)
==4853==    by 0x49A6BA8: newterm_sp (lib_newterm.c:234)
==4853==    by 0x49A723C: newterm (lib_newterm.c:369)
==4853==    by 0x499EB47: initscr (lib_initscr.c:93)
==4853==    by 0x4001385: main (ttext.c:18)
==4853== 
==4853== 16,974 bytes in 1 blocks are still reachable in loss record 69 of 72
==4853==    at 0x48507A8: malloc (vg_replace_malloc.c:446)
==4853==    by 0x49A5978: UnknownInlinedFun (lib_set_term.c:445)
==4853==    by 0x49A5978: newterm_sp (lib_newterm.c:234)
==4853==    by 0x49A723C: newterm (lib_newterm.c:369)
==4853==    by 0x499EB47: initscr (lib_initscr.c:93)
==4853==    by 0x4001385: main (ttext.c:18)
==4853== 
==4853== 450,240 bytes in 67 blocks are still reachable in loss record 70 of 72
==4853==    at 0x4857C13: calloc (vg_replace_malloc.c:1675)
==4853==    by 0x49A4352: newwin_sp (lib_newwin.c:167)
==4853==    by 0x49A5C9F: UnknownInlinedFun (lib_set_term.c:664)
==4853==    by 0x49A5C9F: newterm_sp (lib_newterm.c:234)
==4853==    by 0x49A723C: newterm (lib_newterm.c:369)
==4853==    by 0x499EB47: initscr (lib_initscr.c:93)
==4853==    by 0x4001385: main (ttext.c:18)
==4853== 
==4853== 450,240 bytes in 67 blocks are still reachable in loss record 71 of 72
==4853==    at 0x4857C13: calloc (vg_replace_malloc.c:1675)
==4853==    by 0x49A4352: newwin_sp (lib_newwin.c:167)
==4853==    by 0x49A5CC3: UnknownInlinedFun (lib_set_term.c:670)
==4853==    by 0x49A5CC3: newterm_sp (lib_newterm.c:234)
==4853==    by 0x49A723C: newterm (lib_newterm.c:369)
==4853==    by 0x499EB47: initscr (lib_initscr.c:93)
==4853==    by 0x4001385: main (ttext.c:18)
==4853== 
==4853== 450,240 bytes in 67 blocks are still reachable in loss record 72 of 72
==4853==    at 0x4857C13: calloc (vg_replace_malloc.c:1675)
==4853==    by 0x49A4352: newwin_sp (lib_newwin.c:167)
==4853==    by 0x49A5E78: UnknownInlinedFun (lib_set_term.c:756)
==4853==    by 0x49A5E78: newterm_sp (lib_newterm.c:234)
==4853==    by 0x49A723C: newterm (lib_newterm.c:369)
==4853==    by 0x499EB47: initscr (lib_initscr.c:93)
==4853==    by 0x4001385: main (ttext.c:18)
==4853== 
==4853== LEAK SUMMARY:
==4853==    definitely lost: 0 bytes in 0 blocks
==4853==    indirectly lost: 0 bytes in 0 blocks
==4853==      possibly lost: 0 bytes in 0 blocks
==4853==    still reachable: 1,394,276 bytes in 270 blocks
==4853==         suppressed: 0 bytes in 0 blocks
==4853== 
==4853== ERROR SUMMARY: 0 errors from 0 contexts (suppressed: 0 from 0)
